   Compiling day21 v0.1.0 (/home/ed/Documents/advent-of-code-2023/day21)
warning: unused import: `ProgressIterator`
 --> src/main.rs:6:23
  |
6 | use indicatif::{self, ProgressIterator};
  |                       ^^^^^^^^^^^^^^^^
  |
  = note: `#[warn(unused_imports)]` on by default

warning: unused variable: `i`
   --> src/main.rs:253:9
    |
253 |     for i in 0..steps {
    |         ^ help: if this is intentional, prefix it with an underscore: `_i`
    |
    = note: `#[warn(unused_variables)]` on by default

warning: unused variable: `i`
   --> src/main.rs:271:9
    |
271 |     for i in 0..steps {
    |         ^ help: if this is intentional, prefix it with an underscore: `_i`

warning: unused variable: `outside`
   --> src/main.rs:285:9
    |
285 |     let outside = current
    |         ^^^^^^^ help: if this is intentional, prefix it with an underscore: `_outside`

warning: unused variable: `hm`
   --> src/main.rs:396:9
    |
396 |     let hm = (0..10)
    |         ^^ help: if this is intentional, prefix it with an underscore: `_hm`

warning: methods `get_row` and `get_col` are never used
  --> src/main.rs:41:8
   |
14 | impl Board {
   | ---------- methods in this implementation
...
41 |     fn get_row(&self, row: usize) -> &[char] {
   |        ^^^^^^^
...
45 |     fn get_col(&self, col: usize) -> Vec<char> {
   |        ^^^^^^^
   |
   = note: `#[warn(dead_code)]` on by default

warning: function `print_board` is never used
   --> src/main.rs:123:4
    |
123 | fn print_board(p: &Vec<StateAndCost>) {
    |    ^^^^^^^^^^^

warning: type alias `Coord` is never used
   --> src/main.rs:144:6
    |
144 | type Coord = (usize, usize);
    |      ^^^^^

warning: methods `turn_left` and `turn_right` are never used
   --> src/main.rs:155:8
    |
154 | impl Direction {
    | -------------- methods in this implementation
155 |     fn turn_left(&self) -> Direction {
    |        ^^^^^^^^^
...
164 |     fn turn_right(&self) -> Direction {
    |        ^^^^^^^^^^

warning: function `part2` is never used
   --> src/main.rs:299:4
    |
299 | fn part2(b: &Board, steps: usize) -> usize {
    |    ^^^^^

warning: function `part2_memo` is never used
   --> src/main.rs:315:4
    |
315 | fn part2_memo(
    |    ^^^^^^^^^^

warning: function `part2_cycle` is never used
   --> src/main.rs:354:4
    |
354 | fn part2_cycle(b: &Board, start: StateAndCost) -> Vec<usize> {
    |    ^^^^^^^^^^^

warning: unused `Result` that must be used
   --> src/main.rs:109:9
    |
109 |         writeln!(f, "");
    |         ^^^^^^^^^^^^^^^
    |
    = note: this `Result` may be an `Err` variant, which should be handled
    = note: `#[warn(unused_must_use)]` on by default
    = note: this warning originates in the macro `writeln` (in Nightly builds, run with -Z macro-backtrace for more info)

warning: `day21` (bin "day21") generated 13 warnings (run `cargo fix --bin "day21"` to apply 5 suggestions)
    Finished dev [unoptimized + debuginfo] target(s) in 0.44s
     Running `target/debug/day21`
[src/main.rs:380] &board = 
130  ...................................................................................................................................
129  .#.................#....#...........#..........#...#.#....#.........................#...........................#......#...........
128  ....#..............##............#.................#...................#.#.....#..##......#...........#...#............#.....##....
127  ....##..##..........#...........#....#......#.......#.........................#.......#.................#.....................#..#.
126  .......##....###...#.#......###.#............#..#...............................#......#.........#..#.....#........................
125  .......###......#..#........................##....#.##..........#................................#....##.........#..........#......
124  ......#.....#..#.............#.............#...#................#...............#.....#.#......#..#.#................#..#.#.#.#....
123  .......#...#...........................#..#........................#..............#..#....#.#...#..#.............##.........#......
122  ....#.#....#........................#........#.......#.........#.........................................#....#....................
121  ..........................##..###.#....#...##..#...............#...............#...#...#.#.........#....................#.......#..
120  .....#.......#.....##....#.....................................#..#...............##.....##.#..............#.........#..#.....#....
119  ...#..#......................#....#....#...#.#...............#......#.....................#.................#.##...#...............
118  .........#........#........#......................................................................................#.....#..........
117  ..............#.......#..#.#...##..........................#......#.#............................#.#.....#....................#....
116  .....#.#......#.............##...#......#...........................................#...................#..........#.#..#........#.
115  ...##...#...............................#....................#..#.....................##.......#....#.....#..#................#....
114  .#..#..............#...#......#..#......................#....#......##..#...............#.....#......#......##...#......#..........
113  .................#.................##..........................#...#....#.............#..........##............#.....#.............
112  ...........#...#..........................#...........................#.................#..#..#...#.....#........#....#....#.#.....
111  .............#.......#................#............................#........................#........#............#..#........#....
110  ...#....................#.........##..........................#.............................#.....#..........#.#...................
109  .................#............#.......................##...............#.........#.................#......#........#...#...........
108  ............#......#...#....#.......................#...#....#...............#..............#.....#.........###.....#..........#...
107  .......#.........#....#....##......#.#.....................#..........##......##...............#...............##......#...........
106  .............#........#........................#...#.....#.................#....#........................#......#..................
105  ..........#.......#......#...................##........#.....#.....#.....#....................#...#.............#........#.........
104  ...................##....#....................#.......#..#........#.#....#..#.......#.#....................#.#.#.....#.........##..
103  .............#......#..#.#...................#....................#..........#..#................#..........#...###................
102  ...#........#..#....#............................#.....##......................#.........#.........#........#...#.#................
101  ...#.#......#......#...#.................#......#.#....................#...............................##..............#........#..
100  .............#......#....#..........................................##......##....#.....................#..............#.....#.....
99  .#...........................#............#....##..#..............#.#........#..#.........#........................#...#...........
98  .........#.......#.#..#...#.....................#..#.....##.......#.........#...#....#....................#.##....#.#........#.....
97  .......................................#.........#.....................#........#.....#........................#................##.
96  ....###.....#...........................#.........#.#.........................#....#......#..................##........#..#........
95  .........................................#.............#.................................#.#..#..............................#.....
94  .#..#........#.........................##...#...##.......#..#.....#.........#.......#.....#.....................#...#......#..##...
93  ..........#......#...............#...#..................#......#.....#........#.#...........#....#.............................#...
92  ............#....#...............#.................#............................#...........#...#..................................
91  ....#.##.........#..#.................#.....#.##..........#.#.........#.....#..#...#........#..#..#...........................#....
90  ......#..........................#.....#..#.................###..........#.......#.................#..............#.........##.#...
89  .........#.#.#...............#.#....#.#............#..........................#.....................#.............#..........#..#..
88  ...............#.........................#...............#........#..#.........#.......................#........................#..
87  .....#...##...#...................#...#.........#...................#.........#....#..........#......................##.......#....
86  ...........................#.........................#...#.##............#..........#....##....#........#.................###......
85  .........#..............#....#....#.....................#.......#...........#....#...#.#......#.....................#....#.....#...
84  ....#.#....##..#.............#.....#.........#...............#....#...............................#.....#.............#..#.........
83  ........#.#...............#.......#........................##..#.............#..................................................#..
82  ....#.......#................................##....#.#..#..#................#......................#..................#............
81  ..........##..........#...#...#............#............#..........#.#.........#...#..#.......#.............................#......
80  ...#................#....#..........#..##...............#.......#.#...#..##.....##..#..........#.........#......................##.
79  ..#......##................................#...........#.....#....###......#.#.......#............#............#........#..........
78  .##.#....#...........#...#.................#.....##...#........................#..#......#..#.........#......................#.....
77  .....................##.....................................#............#....#...........#.#...#...............#..........#.......
76  ...#....................##.......##.........#............##.............#..................#...................................#...
75  ....#...........................##.....#....#...................................#.......#..##.......#...........#...#..............
74  ..#............#.................#....#...#....#.....................#.......##...........#...#..............................#.....
73  .............................#....#....#.........#...........................#.............##.......................#..............
72  ...#..........#...............#..........#.........#.....#........#................##............#..........#....#....##...........
71  .#................#...#............#.#............#...#......#......#........#...................##.........#....................#.
70  .#.............#........#.....#...#...............#............#........#.......#..#.....................##......#......#........#.
69  .....................#..........#...#.........#.#.....#.#..........#...#..........#.#..........#.................##................
68  ...............#........................##...#.......#.......#..#....#.............#..#......#.....#........##.....................
67  ..............#...........##............#.........#.............#........#...#....#...............##.............#.................
66  ............#.................#........#..............#................................#.....##.#..........#..........#............
65  ...................................................................................................................................
64  ........###.............#......#...#..#.#.........#......#......#........#..#...#....#.......#...#.#...#...#......#.........#......
63  ......................#.#.#.....#...#.#.#....#..#...............................##..#.......#.............#.....#..................
62  ..........#.#.........##..#.#.#.........##............#.#..#............#..##.....#......#..#..#.#.#.......#.....#.................
61  ...........#.#...#......#..............................#......#.................................#.#...#.............##.............
60  ..................................#................#..............#..........#...#........#........................................
59  ..........#.........#.#........#..........#..#............#.......#....#..##..........#..........................#...............#.
58  ...........#..#.##..............##.#......#.....#.#......#.................#....#.....#........#.#.......#....#.................#..
57  ..............#..........#...#........#......#......#...#..........#.....#.........#.........#...........#........#..#.............
56  .....#..................#................#...#......#.........................#....#...#..........#....#..#..##....................
55  .#.............................#.....#................#........#........#........#....#........................................#...
54  .........................#.............#.........#............#.#.......#......#.........#...#..............#...#.#........#.......
53  ................#.#......#....##........................#....#....#...........#.......#...........#.........................#......
52  ....##...#........#......#......#...#....#....#....#....#....#.....#..........#.#.#.#......................#..##..............#....
51  ............................#........#......#...#.....#................##..#........#...........#...#..#.......#........#........#.
50  ...........#.......#..##........#....#.##...............#......#.........#................#..#......#...................#..........
49  ......#.............#...##..............#...#.......................................#.......#...#..........#...................##..
48  ........#............##.#.......#..........#......#.....................................#.......#..................................
47  .............................#...............#.................#.....#.......#.#...........#...........#.............#.............
46  ...#....####...................#..##.........................#..#.........#................##....#.#.##............................
45  ..#.#..#.......#............................#.......................#.#...........#.........................................#..#.#.
44  ......#......#..#............#......#....#.......#..#.......#................#.......#................#............................
43  .....#.##..#..#.............#.........#......#.#..............................##..#..................#.............#.......#.......
42  ......#..#.#......................#...........#.............#.........#....#.....#.#.............#..............#..................
41  ...........#.....................................#........##....#.............###.###...#...#.......#..........#........#......#...
40  ...#...............#..................#....#..#....#.........##.........#....###..#...#..........#.......................#.#.#.....
39  ....#.........#.................#.......#....##...#..#.#...#..#.........#.#...#......#..............#...................#.......#..
38  ................................................#...#.#....#.......#.................#......#..................##.#.....#.......#..
37  ........#...#.....................................#.........#.......#......#...................##...........................#......
36  ..................#................#...........##....#....##............................#...#.##...........##..........##..#.......
35  ......#............#..............#..#.......#................#...##.....#.........##..........................#...#..........##...
34  .#....#.......#.#.........#.....................................#..#...##....#....#........#.............#...................#.....
33  .........#.......#.#................................#...#............#.................#...............#.........#........#....#...
32  ...........#.................#..................##.....#..........#.....#.......#.......##.....................#.............#.....
31  ...#......#.......#......................#.........#.#....#.........................................#.....#....#...................
30  ............#.....#...........#..........#............................#...##........................#..#...#...#.#.................
29  .....#..............#.#........#.........#.......#......#...........................................#...#..#..........#...#........
28  ......#.#..................#.....#..............#..#....#.......#...........#....#.......#........#....................#...##......
27  ..#.............##................#..................##.#.....#.#..#..###...............#..........#..#....#..#.........#.#........
26  ..............#....#..............#.................#....#...............###.#..#...#..#.........#.#.#.................#.......#.#.
25  ....#..#..................#.....................#.................#..#....#.#.....#..................#...#....#...#................
24  .............###.................#.............##...................#...##.........##.........#........#.#..................#..#...
23  ..........#........#......#.#.......#..........##......#....#.#.........#........................................#..#..............
22  .....#..............#.#............#....................#...........#..##..........#...........#.#....#.................#..........
21  ......#...#.......#......#.....##..#....................#......#...#......#...............#....#.#................#................
20  .....#..........##....#................###.........#..#.....#...............#......................#.........##.....#...........#..
19  ....#..##......#......#...............#.............#..#........#.......#.................#...........##...#.#.....#...............
18  .......#...........##..#.........#.....##.##.........#................#.....#................................#.#...................
17  .......#..#..........#.#.........#..#.....................###......#........................................#.#....................
16  .........#.#...........#.......##..........##................#........#....................##...............#...#...#....#.......#.
15  ...............................#..#.#........................................................#.....#..............#.........#......
14  ...........#........#.....##..#.....#.#......#....................................................#...........................#.##.
13  ...............#..............#..#....#.#...............#.#..............................#.......#.................#............#..
12  .#.....#.............#.....#......#........................###.....#................................................###...#........
11  ............................##...........#.#....................#.............................###.......#.#..#..................#..
10  .#..#.....#.#......#.......................##...................#........................................#................##...#...
 9  .....#..........##........##..........................................................#.............#..............................
 8  ..............................#........#........#.............................#.#...#.............##...........#.............#.....
 7  ..#..#...........#.........#.....#....#.....#.................#..................#...#...................#...........#.#.....#.....
 6  .......................#......#...#.........#.#................#............#...#..........#...#.....#....#......#...........#...#.
 5  ...#.............#...#........#....#.#.......##.#................................................#........#...........#.....#......
 4  .........#.##..............#.....................................................#.......##.#.............................#........
 3  .#........#.......#..#............#.#.#.....#.#.........#.........................................#........#........#.#.#..........
 2  ........##..............................................#................##.#.....#...........##....##.........#........#..........
 1  ...#...........#...#...........#..............#..........##............#.#.................##....#.#.........#......#.#............
 0  ...................................................................................................................................

4
8
15
23
35
45
58
76
90
111
134
152
180
203
233
258
290
323
361
392
431
469
513
552
599
646
693
745
797
851
903
967
1020
1093
1140
1218
1262
1351
1398
1487
1539
1638
1694
1795
1856
1962
2018
2131
2195
2304
2372
2489
2555
2681
2751
2886
2958
3091
3166
3302
3391
3552
3644
3814
p1: 3814
65: 3906
196: 34896
327: 96784
458: 189570
589: 313254
